<?xml version="1.0" encoding="UTF-8"?>
<!-- Generated by org.testng.reporters.JUnitReportReporter -->
<testsuite skipped="0" hostname="DESKTOP-N60QB27" name="base.TestCase1" tests="2" failures="0" timestamp="2022-11-20T10:02:59 IST" time="0.006" errors="0">
  <testcase name="test1" time="0.005" classname="base.TestCase1"/>
  <system-out/>
  <testcase name="test2" time="0.001" classname="base.TestCase1"/>
  <system-out/>
</testsuite> <!-- base.TestCase1 -->
