<?xml version="1.0" encoding="UTF-8"?>
<!-- Generated by org.testng.reporters.JUnitReportReporter -->
<testsuite skipped="0" hostname="DESKTOP-N60QB27" name="tests.Test5" tests="1" failures="0" timestamp="2022-11-20T10:31:39 IST" time="0.006" errors="0">
  <testcase name="t1" time="0.006" classname="tests.Test5"/>
  <system-out/>
</testsuite> <!-- tests.Test5 -->
