<?xml version="1.0" encoding="UTF-8"?>
<!-- Generated by org.testng.reporters.JUnitReportReporter -->
<testsuite skipped="0" hostname="DESKTOP-N60QB27" name="testcases.Test1" tests="1" failures="0" timestamp="2022-11-20T10:28:19 IST" time="0.007" errors="0">
  <testcase name="m1" time="0.007" classname="testcases.Test1"/>
  <system-out/>
</testsuite> <!-- testcases.Test1 -->
